f:\uqac\ia_pour_jv\tp1\vs2010\buckland_chapter2-state machines\westwolrdgui\westwolrdgui\debug\vc141.pdb
f:\uqac\ia_pour_jv\tp1\vs2010\buckland_chapter2-state machines\westwolrdgui\westwolrdgui\debug\westwolrdgui.obj
f:\uqac\ia_pour_jv\tp1\vs2010\buckland_chapter2-state machines\westwolrdgui\westwolrdgui\debug\minerswifeownedstates.obj
f:\uqac\ia_pour_jv\tp1\vs2010\buckland_chapter2-state machines\westwolrdgui\westwolrdgui\debug\minerswife.obj
f:\uqac\ia_pour_jv\tp1\vs2010\buckland_chapter2-state machines\westwolrdgui\westwolrdgui\debug\minerownedstates.obj
f:\uqac\ia_pour_jv\tp1\vs2010\buckland_chapter2-state machines\westwolrdgui\westwolrdgui\debug\miner.obj
f:\uqac\ia_pour_jv\tp1\vs2010\buckland_chapter2-state machines\westwolrdgui\westwolrdgui\debug\messagedispatcher.obj
f:\uqac\ia_pour_jv\tp1\vs2010\buckland_chapter2-state machines\westwolrdgui\westwolrdgui\debug\main.obj
f:\uqac\ia_pour_jv\tp1\vs2010\buckland_chapter2-state machines\westwolrdgui\westwolrdgui\debug\moc_westwolrdgui.obj
f:\uqac\ia_pour_jv\tp1\vs2010\buckland_chapter2-state machines\westwolrdgui\westwolrdgui\debug\entitymanager.obj
f:\uqac\ia_pour_jv\tp1\vs2010\buckland_chapter2-state machines\westwolrdgui\westwolrdgui\debug\drunkardownedstates.obj
f:\uqac\ia_pour_jv\tp1\vs2010\buckland_chapter2-state machines\westwolrdgui\westwolrdgui\debug\drunkard.obj
f:\uqac\ia_pour_jv\tp1\vs2010\buckland_chapter2-state machines\westwolrdgui\westwolrdgui\debug\basegameentity.obj
f:\uqac\ia_pour_jv\tp1\vs2010\buckland_chapter2-state machines\westwolrdgui\westwolrdgui\debug\qrc_westwolrdgui.obj
f:\uqac\ia_pour_jv\tp1\vs2010\buckland_chapter2-state machines\westwolrdgui\westwolrdgui\debug\crudetimer.obj
f:\uqac\ia_pour_jv\tp1\vs2010\buckland_chapter2-state machines\westwolrdgui\westwolrdgui\generatedfiles\ui_westwolrdgui.h
f:\uqac\ia_pour_jv\tp1\vs2010\buckland_chapter2-state machines\westwolrdgui\westwolrdgui\generatedfiles\qrc_westwolrdgui.cpp
f:\uqac\ia_pour_jv\tp1\vs2010\buckland_chapter2-state machines\westwolrdgui\westwolrdgui\generatedfiles\debug\moc_westwolrdgui.cpp
f:\uqac\ia_pour_jv\tp1\vs2010\buckland_chapter2-state machines\westwolrdgui\win32\debug\westwolrdgui.pdb
f:\uqac\ia_pour_jv\tp1\vs2010\buckland_chapter2-state machines\westwolrdgui\win32\debug\westwolrdgui.exe
f:\uqac\ia_pour_jv\tp1\vs2010\buckland_chapter2-state machines\westwolrdgui\win32\debug\westwolrdgui.ilk
f:\uqac\ia_pour_jv\tp1\vs2010\buckland_chapter2-state machines\westwolrdgui\westwolrdgui\debug\westwolrdgui.tlog\cl.command.1.tlog
f:\uqac\ia_pour_jv\tp1\vs2010\buckland_chapter2-state machines\westwolrdgui\westwolrdgui\debug\westwolrdgui.tlog\cl.read.1.tlog
f:\uqac\ia_pour_jv\tp1\vs2010\buckland_chapter2-state machines\westwolrdgui\westwolrdgui\debug\westwolrdgui.tlog\cl.write.1.tlog
f:\uqac\ia_pour_jv\tp1\vs2010\buckland_chapter2-state machines\westwolrdgui\westwolrdgui\debug\westwolrdgui.tlog\custombuild.command.1.tlog
f:\uqac\ia_pour_jv\tp1\vs2010\buckland_chapter2-state machines\westwolrdgui\westwolrdgui\debug\westwolrdgui.tlog\custombuild.read.1.tlog
f:\uqac\ia_pour_jv\tp1\vs2010\buckland_chapter2-state machines\westwolrdgui\westwolrdgui\debug\westwolrdgui.tlog\custombuild.write.1.tlog
f:\uqac\ia_pour_jv\tp1\vs2010\buckland_chapter2-state machines\westwolrdgui\westwolrdgui\debug\westwolrdgui.tlog\link.command.1.tlog
f:\uqac\ia_pour_jv\tp1\vs2010\buckland_chapter2-state machines\westwolrdgui\westwolrdgui\debug\westwolrdgui.tlog\link.read.1.tlog
f:\uqac\ia_pour_jv\tp1\vs2010\buckland_chapter2-state machines\westwolrdgui\westwolrdgui\debug\westwolrdgui.tlog\link.write.1.tlog
