  Moc'ing WestWolrdGui.h...
  Uic'ing WestWolrdGui.ui...
  Rcc'ing WestWolrdGui.qrc...
RCC : warning : No resources in 'F:\UQAC\Ia_pour_jv\TP1\VS2010\Buckland_Chapter2-State Machines\WestWolrdGui\WestWolrdGui\WestWolrdGui.qrc'.
  
  CrudeTimer.cpp
  BaseGameEntity.cpp
  Drunkard.cpp
  DrunkardOwnedStates.cpp
  EntityManager.cpp
  moc_WestWolrdGui.cpp
  main.cpp
  MessageDispatcher.cpp
  Miner.cpp
  MinerOwnedStates.cpp
  MinersWife.cpp
  MinersWifeOwnedStates.cpp
  WestWolrdGui.cpp
  Génération de code en cours...
  qrc_WestWolrdGui.cpp
  WestWolrdGui.vcxproj -> F:\UQAC\Ia_pour_jv\TP1\VS2010\Buckland_Chapter2-State Machines\WestWolrdGui\Win32\Release\WestWolrdGui.exe
